\BOOKMARK [1][-]{section.1}{Introduction}{}% 1
\BOOKMARK [2][-]{subsection.1.1}{Structure}{section.1}% 2
\BOOKMARK [2][-]{subsection.1.2}{Design Goals}{section.1}% 3
\BOOKMARK [2][-]{subsection.1.3}{Benefits and Limitations}{section.1}% 4
\BOOKMARK [1][-]{section.2}{Kernel Process Synchronization}{}% 5
\BOOKMARK [2][-]{subsection.2.1}{Normal Critical Sections}{section.2}% 6
\BOOKMARK [2][-]{subsection.2.2}{Interrupt Critical Section}{section.2}% 7
\BOOKMARK [2][-]{subsection.2.3}{PseudoCode}{section.2}% 8
\BOOKMARK [3][-]{subsubsection.2.3.1}{Spin Lock}{subsection.2.3}% 9
\BOOKMARK [3][-]{subsubsection.2.3.2}{Semaphore Locks}{subsection.2.3}% 10
\BOOKMARK [1][-]{section.3}{CPU Scheduling}{}% 11
\BOOKMARK [2][-]{subsection.3.1}{Realtime Scheduling Policies}{section.3}% 12
\BOOKMARK [3][-]{subsubsection.3.1.1}{|SCHEDFIFO|}{subsection.3.1}% 13
\BOOKMARK [3][-]{subsubsection.3.1.2}{|SCHEDRR|}{subsection.3.1}% 14
\BOOKMARK [2][-]{subsection.3.2}{Normal Scheduling Policies}{section.3}% 15
\BOOKMARK [3][-]{subsubsection.3.2.1}{ |SCHEDOTHER|}{subsection.3.2}% 16
\BOOKMARK [3][-]{subsubsection.3.2.2}{CFS}{subsection.3.2}% 17
\BOOKMARK [1][-]{section.4}{Memory Management}{}% 18
\BOOKMARK [2][-]{subsection.4.1}{Physical Memory}{section.4}% 19
\BOOKMARK [3][-]{subsubsection.4.1.1}{Zones of Physical Memory}{subsection.4.1}% 20
\BOOKMARK [3][-]{subsubsection.4.1.2}{Page Allocator}{subsection.4.1}% 21
\BOOKMARK [3][-]{subsubsection.4.1.3}{Other Memory Allocations}{subsection.4.1}% 22
\BOOKMARK [2][-]{subsection.4.2}{Virtual Memory}{section.4}% 23
\BOOKMARK [2][-]{subsection.4.3}{Swapping of Memory}{section.4}% 24
